[2022-03-18 11:24:37,293] - INFO: 当前chrome版本: 99.0.4844
[2022-03-18 11:24:37,357] - INFO: 当前chromedriver版本: 99.0.4844
[2022-03-18 11:24:37,358] - INFO: 版本兼容，无需更新.
[2022-03-18 11:24:54,461] - INFO: 当前chrome版本: 99.0.4844
[2022-03-18 11:24:54,520] - INFO: 当前chromedriver版本: 98.0.4758
[2022-03-18 11:24:54,521] - INFO: chromedriver版本与chrome浏览器不兼容，更新中>>>
[2022-03-18 11:26:01,379] - INFO: 当前chrome版本: 99.0.4844
[2022-03-18 11:26:01,446] - INFO: 当前chromedriver版本: 98.0.4758
[2022-03-18 11:26:01,448] - INFO: chromedriver版本与chrome浏览器不兼容，更新中>>>
[2022-03-18 12:10:58,518] - INFO: 当前chrome版本: 99.0.4844
[2022-03-18 12:10:58,598] - INFO: 当前chromedriver版本: 98.0.4758
[2022-03-18 12:10:58,599] - INFO: chromedriver版本与chrome浏览器不兼容，更新中>>>
[2022-03-18 12:11:39,563] - INFO: 当前chrome版本: 99.0.4844
[2022-03-18 12:11:39,642] - INFO: 当前chromedriver版本: 98.0.4758
[2022-03-18 12:11:39,644] - INFO: chromedriver版本与chrome浏览器不兼容，更新中>>>
[2022-03-18 12:11:50,130] - INFO: 与当前chrome匹配的最新chromedriver版本为: 99.0.4844.35
[2022-03-18 12:11:50,142] - INFO: 开始下载chromedriver...
[2022-03-18 12:13:00,272] - INFO: 100%,下载完成.
[2022-03-18 12:13:00,407] - INFO: 解压完成.
[2022-03-18 12:13:00,409] - INFO: chromedriver更新成功!
[2022-03-18 13:03:43,097] - INFO: 当前chrome版本: 99.0.4844
[2022-03-18 13:03:46,374] - INFO: 当前chromedriver版本: 99.0.4844
[2022-03-18 13:03:46,375] - INFO: 版本兼容，无需更新.
