2022-03-16 12:45:18 import.py [line:4] INFO: 代码开始运行的时间2022-03-16 12:45:18.916258
2022-03-16 12:45:18 import.py [line:5] DEBUG: 看看debug
2022-03-16 12:45:18 import.py [line:6] ERROR: This is a error
2022-03-16 12:54:38 import.py [line:4] INFO: 代码开始运行的时间2022-03-16 12:54:38.742559
2022-03-16 12:54:38 import.py [line:5] DEBUG: 看看debug
2022-03-16 12:54:38 import.py [line:6] ERROR: This is a error
2022-03-16 12:55:53 import.py [line:4] INFO: 代码开始运行的时间2022-03-16 12:55:53.038439
2022-03-16 12:55:53 import.py [line:5] DEBUG: 看看debug
2022-03-16 12:55:53 import.py [line:6] ERROR: This is a error
2022-03-16 12:58:38 Check.py [line:12] INFO: a
2022-03-16 13:00:43 Check.py [line:60] INFO: 版本兼容，无需更新.
2022-03-16 13:05:52 Check.py [line:64] INFO: 版本兼容，无需更新.
2022-03-16 13:06:15 connectionpool.py [line:228] DEBUG: Starting new HTTP connection (1): npm.taobao.org:80
2022-03-16 13:06:16 connectionpool.py [line:456] DEBUG: http://npm.taobao.org:80 "GET /mirrors/chromedriver/LATEST_RELEASE_99.0.4844 HTTP/1.1" 302 145
2022-03-16 13:06:16 connectionpool.py [line:1001] DEBUG: Starting new HTTPS connection (1): cdn.npmmirror.com:443
2022-03-16 13:06:19 connectionpool.py [line:456] DEBUG: https://cdn.npmmirror.com:443 "GET /binaries/chromedriver/LATEST_RELEASE_99.0.4844 HTTP/1.1" 200 12
2022-03-16 13:06:19 api.py [line:451] DEBUG: Encoding detection: ascii is most likely the one.
2022-03-16 13:06:19 Check.py [line:43] INFO: 与当前chrome匹配的最新chromedriver版本为:99.0.4844.35
2022-03-16 13:06:19 connectionpool.py [line:228] DEBUG: Starting new HTTP connection (1): npm.taobao.org:80
2022-03-16 13:06:19 connectionpool.py [line:456] DEBUG: http://npm.taobao.org:80 "GET /mirrors/chromedriver/99.0.4844.35/chromedriver_win32.zip HTTP/1.1" 302 145
2022-03-16 13:06:19 connectionpool.py [line:1001] DEBUG: Starting new HTTPS connection (1): cdn.npmmirror.com:443
2022-03-16 13:06:29 connectionpool.py [line:456] DEBUG: https://cdn.npmmirror.com:443 "GET /binaries/chromedriver/99.0.4844.35/chromedriver_win32.zip HTTP/1.1" 504 279
2022-03-16 13:06:29 Check.py [line:50] INFO: 下载完成.
2022-03-16 13:06:52 connectionpool.py [line:228] DEBUG: Starting new HTTP connection (1): npm.taobao.org:80
2022-03-16 13:06:52 connectionpool.py [line:456] DEBUG: http://npm.taobao.org:80 "GET /mirrors/chromedriver/LATEST_RELEASE_99.0.4844 HTTP/1.1" 302 145
2022-03-16 13:06:52 connectionpool.py [line:1001] DEBUG: Starting new HTTPS connection (1): cdn.npmmirror.com:443
2022-03-16 13:06:59 connectionpool.py [line:456] DEBUG: https://cdn.npmmirror.com:443 "GET /binaries/chromedriver/LATEST_RELEASE_99.0.4844 HTTP/1.1" 200 12
2022-03-16 13:06:59 api.py [line:451] DEBUG: Encoding detection: ascii is most likely the one.
2022-03-16 13:06:59 Check.py [line:43] INFO: 与当前chrome匹配的最新chromedriver版本为:99.0.4844.35
2022-03-16 13:06:59 connectionpool.py [line:228] DEBUG: Starting new HTTP connection (1): npm.taobao.org:80
2022-03-16 13:06:59 connectionpool.py [line:456] DEBUG: http://npm.taobao.org:80 "GET /mirrors/chromedriver/99.0.4844.35/chromedriver_win32.zip HTTP/1.1" 302 145
2022-03-16 13:06:59 connectionpool.py [line:1001] DEBUG: Starting new HTTPS connection (1): cdn.npmmirror.com:443
2022-03-16 13:07:02 connectionpool.py [line:456] DEBUG: https://cdn.npmmirror.com:443 "GET /binaries/chromedriver/99.0.4844.35/chromedriver_win32.zip HTTP/1.1" 200 6292501
2022-03-16 13:13:49 Check.py [line:50] INFO: 下载完成.
2022-03-16 13:13:49 Check.py [line:55] INFO: 解压完成.
2022-03-16 13:17:23 Check.py [line:56] INFO: 当前chrome版本: 99.0.4844
2022-03-16 13:17:23 Check.py [line:58] INFO: 当前chromedriver版本: 99.0.4844
2022-03-16 13:17:23 Check.py [line:60] INFO: 版本兼容，无需更新.
2022-03-16 13:17:45 Check.py [line:56] INFO: 当前chrome版本: 99.0.4844
2022-03-16 13:17:45 Check.py [line:58] INFO: 当前chromedriver版本: 96.0.4664
2022-03-16 13:17:45 Check.py [line:62] INFO: chromedriver版本与chrome浏览器不兼容，更新中>>>
2022-03-16 13:17:45 connectionpool.py [line:228] DEBUG: Starting new HTTP connection (1): npm.taobao.org:80
2022-03-16 13:17:46 connectionpool.py [line:456] DEBUG: http://npm.taobao.org:80 "GET /mirrors/chromedriver/LATEST_RELEASE_99.0.4844 HTTP/1.1" 302 145
2022-03-16 13:17:46 connectionpool.py [line:1001] DEBUG: Starting new HTTPS connection (1): cdn.npmmirror.com:443
2022-03-16 13:17:48 connectionpool.py [line:456] DEBUG: https://cdn.npmmirror.com:443 "GET /binaries/chromedriver/LATEST_RELEASE_99.0.4844 HTTP/1.1" 200 12
2022-03-16 13:17:48 api.py [line:451] DEBUG: Encoding detection: ascii is most likely the one.
2022-03-16 13:17:48 Check.py [line:39] INFO: 与当前chrome匹配的最新chromedriver版本为:99.0.4844.35
2022-03-16 13:17:48 Check.py [line:41] INFO: 开始下载chromedriver...
2022-03-16 13:17:48 connectionpool.py [line:228] DEBUG: Starting new HTTP connection (1): npm.taobao.org:80
2022-03-16 13:17:48 connectionpool.py [line:456] DEBUG: http://npm.taobao.org:80 "GET /mirrors/chromedriver/99.0.4844.35/chromedriver_win32.zip HTTP/1.1" 302 145
2022-03-16 13:17:48 connectionpool.py [line:1001] DEBUG: Starting new HTTPS connection (1): cdn.npmmirror.com:443
2022-03-16 13:17:50 connectionpool.py [line:456] DEBUG: https://cdn.npmmirror.com:443 "GET /binaries/chromedriver/99.0.4844.35/chromedriver_win32.zip HTTP/1.1" 200 6292501
2022-03-16 13:19:09 Check.py [line:46] INFO: 下载完成.
2022-03-16 13:19:09 Check.py [line:51] INFO: 解压完成.
2022-03-16 13:19:09 Check.py [line:65] INFO: chromedriver更新成功!
2022-03-16 15:01:30 Check.py [line:56] INFO: 当前chrome版本: 99.0.4844
2022-03-16 15:01:30 Check.py [line:58] INFO: 当前chromedriver版本: 99.0.4844
2022-03-16 15:01:30 Check.py [line:60] INFO: 版本兼容，无需更新.
